<?xml version="1.0" encoding="UTF-8"?>
<!-- Generated by org.testng.reporters.JUnitReportReporter -->
<testsuite skipped="0" hostname="LAPTOP-7HUNRUID" name="com.orangehrm.testsuite.HomepageTest" tests="1" failures="0" timestamp="2020-04-19T17:46:12 BST" time="20.428" errors="0">
  <testcase name="verifyThatLoginPanelTextisDisplayed" time="20.428" classname="com.orangehrm.testsuite.HomepageTest"/>
  <system-out>
Displaying Login Panel Link [[ChromeDriver: chrome on WINDOWS (dde3ccbd8cbba9a1a8f16ff195b83a79)] -> xpath: //div[@id='logInPanelHeading']]<br>  </system-out>
</testsuite> <!-- com.orangehrm.testsuite.HomepageTest -->
