<?xml version="1.0" encoding="UTF-8"?>
<!-- Generated by org.testng.reporters.JUnitReportReporter -->
<testsuite skipped="0" hostname="LAPTOP-7HUNRUID" name="com.orangehrm.testsuite.LoginTest" tests="1" failures="0" timestamp="2020-04-19T17:46:12 BST" time="26.545" errors="0">
  <testcase name="UserIsAbleToLoginSuccessfully" time="26.545" classname="com.orangehrm.testsuite.LoginTest"/>
  <system-out>
Entering Username  : Admin [[ChromeDriver: chrome on WINDOWS (c2f21c03834402c9c85a45efe75b659d)] -> id: txtUsername]<br> Entering Password  : admin123 [[ChromeDriver: chrome on WINDOWS (c2f21c03834402c9c85a45efe75b659d)] -> id: txtPassword]<br> Clicking on Login Button  : [[ChromeDriver: chrome on WINDOWS (c2f21c03834402c9c85a45efe75b659d)] -> id: btnLogin]<br> Displaying Welcome AdminText :[[ChromeDriver: chrome on WINDOWS (c2f21c03834402c9c85a45efe75b659d)] -> xpath: //a[@id='welcome']]<br>  </system-out>
</testsuite> <!-- com.orangehrm.testsuite.LoginTest -->
